<?xml version="1.0" encoding="UTF-8"?>
<!-- Generated by org.testng.reporters.JUnitReportReporter -->
<testsuite skipped="0" hostname="HVDIVD27GA41104" name="com.testClass.CRMHomepageTest" tests="5" failures="0" timestamp="17 Sep 2019 18:42:04 GMT" time="23.248" errors="0">
  <testcase name="setup" time="16.935" classname="com.testClass.CRMHomepageTest"/>
  <testcase name="validateTitle" time="0.006" classname="com.testClass.CRMHomepageTest"/>
  <testcase name="usrnamevalidation" time="4.083" classname="com.testClass.CRMHomepageTest"/>
  <testcase name="usernamecheck" time="0.047" classname="com.testClass.CRMHomepageTest"/>
  <testcase name="quit" time="2.177" classname="com.testClass.CRMHomepageTest"/>
</testsuite> <!-- com.testClass.CRMHomepageTest -->
