<?xml version="1.0" encoding="UTF-8"?>
<!-- Generated by org.testng.reporters.JUnitReportReporter -->
<testsuite skipped="0" hostname="HVDIVD27GA41104" name="granite.ApplicationTest" tests="1" failures="0" timestamp="28 Aug 2019 20:34:10 GMT" time="124.223" errors="0">
  <testcase name="gmail" time="124.223" classname="granite.ApplicationTest"/>
</testsuite> <!-- granite.ApplicationTest -->
