<?xml version="1.0" encoding="UTF-8"?>
<!-- Generated by org.testng.reporters.JUnitReportReporter -->
<testsuite skipped="0" hostname="HVDIVD27GA41104" name="com.repository.CRMHomepageTest" tests="1" failures="0" timestamp="16 Sep 2019 20:19:02 GMT" time="8.690" errors="0">
  <testcase name="setup" time="8.690" classname="com.repository.CRMHomepageTest"/>
</testsuite> <!-- com.repository.CRMHomepageTest -->
